
> les-ombres-du-son@0.0.1 build
> astro check && astro build

19:59:01 [types] Generated 65ms
19:59:01 [check] Getting diagnostics for Astro files in /home/eno/Les Ombres du Son/ombres-du-son-web...
[96msrc/components/scroll-experience/Section6_Technology.tsx[0m:[93m61[0m:[93m45[0m - [93mwarning[0m[90m ts(6133): [0m'index' is declared but its value is never read.

[7m61[0m             itemsRef.current.forEach((item, index) => {
[7m  [0m [93m                                            ~~~~~[0m

Result (17 files): 
- 0 errors
- 0 warnings
- 1 hint

19:59:05 [types] Generated 60ms
19:59:05 [build] output: "static"
19:59:05 [build] directory: /home/eno/Les Ombres du Son/ombres-du-son-web/dist/
19:59:05 [build] Collecting build info...
19:59:05 [build] ✓ Completed in 99ms.
19:59:05 [build] Building static entrypoints...
19:59:06 [vite] ✓ built in 1.29s
19:59:06 [build] ✓ Completed in 1.32s.

 building client (vite) 
19:59:06 [vite] transforming...
19:59:07 [vite] ✓ 53 modules transformed.
19:59:07 [vite] rendering chunks...
19:59:07 [vite] computing gzip size...
19:59:07 [vite] dist/_astro/jsx-runtime.TBa3i5EZ.js              0.92 kB │ gzip:  0.58 kB
19:59:07 [vite] dist/_astro/Section1_VisibleWorld.kn2HvnUu.js    1.92 kB │ gzip:  1.05 kB
19:59:07 [vite] dist/_astro/Section3_DailyLife.mi-09_aE.js       2.22 kB │ gzip:  1.11 kB
19:59:07 [vite] dist/_astro/Section4_Statistics.BoISyZ44.js      2.67 kB │ gzip:  1.33 kB
19:59:07 [vite] dist/_astro/Section5_Senses.CwB7Kv4D.js          2.75 kB │ gzip:  1.30 kB
19:59:07 [vite] dist/_astro/Section6_Technology.DN8YjoCt.js      2.94 kB │ gzip:  1.38 kB
19:59:07 [vite] dist/_astro/Section2_VisionScales.Dogjgcpl.js    3.32 kB │ gzip:  1.45 kB
19:59:07 [vite] dist/_astro/Section9_CallToAction.Xa5dawUg.js    3.96 kB │ gzip:  1.68 kB
19:59:07 [vite] dist/_astro/Section0_Intro.BlTq8X9m.js           6.30 kB │ gzip:  1.68 kB
19:59:07 [vite] dist/_astro/LeaderboardTable.CDcRNthw.js         6.44 kB │ gzip:  1.97 kB
19:59:07 [vite] dist/_astro/index.CVf8TyFT.js                    6.72 kB │ gzip:  2.68 kB
19:59:07 [vite] dist/_astro/AdminDashboard.CEDubGy4.js           7.56 kB │ gzip:  2.07 kB
19:59:07 [vite] dist/_astro/ScrollTrigger.D1XJUMov.js           43.63 kB │ gzip: 18.15 kB
19:59:07 [vite] dist/_astro/index.C8pce-KX.js                   70.30 kB │ gzip: 27.76 kB
19:59:07 [vite] dist/_astro/client.BuOr9PT5.js                 135.60 kB │ gzip: 43.79 kB
19:59:07 [vite] ✓ built in 906ms

 generating static routes 
19:59:07 ▶ src/pages/admin/index.astro
19:59:07   └─ /admin/index.html (+15ms)
19:59:07 ▶ src/pages/leaderboard.astro
19:59:07   └─ /leaderboard/index.html (+3ms)
19:59:07 ▶ src/pages/index.astro
19:59:07   └─ /index.html (+13ms)
19:59:07 ✓ Completed in 60ms.

19:59:07 [build] 3 page(s) built in 2.40s
19:59:07 [build] Complete!
